<?xml version="1.0" encoding="UTF-8"?>
<!-- Generated by org.testng.reporters.JUnitXMLReporter -->
<testsuite ignored="0" hostname="DESKTOP-OB009G2" failures="2" tests="2" name="chromeTest" time="0.108" errors="0" timestamp="2023-01-13T11:46:31 IST">
  <testcase classname="com.runner.Adactin_TestNG_Parallel" name="paris1" time="0.024">
    <failure type="java.lang.NullPointerException" message="Cannot invoke &amp;quot;com.Base.HotelUtilities.navigateTo(String)&amp;quot; because &amp;quot;com.runner.Adactin_TestNG_Parallel.hotelUtils&amp;quot; is null">
      <![CDATA[java.lang.NullPointerException: Cannot invoke "com.Base.HotelUtilities.navigateTo(String)" because "com.runner.Adactin_TestNG_Parallel.hotelUtils" is null
at com.runner.Adactin_TestNG_Parallel.paris1(Adactin_TestNG_Parallel.java:61)
at java.base/java.util.concurrent.ThreadPoolExecutor.runWorker(ThreadPoolExecutor.java:1144)
at java.base/java.util.concurrent.ThreadPoolExecutor$Worker.run(ThreadPoolExecutor.java:642)
at java.base/java.lang.Thread.run(Thread.java:1589)
... Removed 10 stack frames]]>
    </failure>
  </testcase> <!-- paris1 -->
  <testcase classname="com.runner.Adactin_TestNG_Parallel" name="paris" time="0.025">
    <failure type="java.lang.NullPointerException" message="Cannot invoke &amp;quot;com.Base.HotelUtilities.navigateTo(String)&amp;quot; because &amp;quot;com.runner.Adactin_TestNG_Parallel.hotelUtils&amp;quot; is null">
      <![CDATA[java.lang.NullPointerException: Cannot invoke "com.Base.HotelUtilities.navigateTo(String)" because "com.runner.Adactin_TestNG_Parallel.hotelUtils" is null
at com.runner.Adactin_TestNG_Parallel.paris(Adactin_TestNG_Parallel.java:48)
at java.base/java.util.concurrent.ThreadPoolExecutor.runWorker(ThreadPoolExecutor.java:1144)
at java.base/java.util.concurrent.ThreadPoolExecutor$Worker.run(ThreadPoolExecutor.java:642)
at java.base/java.lang.Thread.run(Thread.java:1589)
... Removed 15 stack frames]]>
    </failure>
  </testcase> <!-- paris -->
</testsuite> <!-- chromeTest -->
